[18528]  core @0.000007> loading Dancer::Handler::Standalone handler in /usr/local/share/perl5/Dancer/Handler.pm l. 45
[18528]  core @0.000268> loading handler 'Dancer::Handler::Standalone' in /usr/local/share/perl5/Dancer.pm l. 483
[18580]  core @0.000007> loading Dancer::Handler::Standalone handler in /usr/local/share/perl5/Dancer/Handler.pm l. 45
[18580]  core @0.000186> loading handler 'Dancer::Handler::Standalone' in /usr/local/share/perl5/Dancer.pm l. 483
[18580]  core @0.000181> request: GET / from 192.168.0.19 in /usr/local/share/perl5/Dancer/Handler.pm l. 56
[18580]  core @0.000681> [hit #1]Trying to match 'GET /' against /^\/admin\/manageaccount$/ (generated from '/admin/manageaccount') in /usr/local/share/perl5/Dancer/Route.pm l. 83
[18580]  core @0.000846> [hit #1]Trying to match 'GET /' against /^\/admin\/password\/([^\/]+)$/ (generated from '/admin/password/:idUser') in /usr/local/share/perl5/Dancer/Route.pm l. 83
[18580]  core @0.001002> [hit #1]Trying to match 'GET /' against /^\/admin\/updateuser\/([^\/]+)$/ (generated from '/admin/updateuser/:idUser') in /usr/local/share/perl5/Dancer/Route.pm l. 83
[18580]  core @0.001195> [hit #1]Trying to match 'GET /' against /^\/admin\/createaccount$/ (generated from '/admin/createaccount') in /usr/local/share/perl5/Dancer/Route.pm l. 83
[18580]  core @0.001355> [hit #1]Trying to match 'GET /' against /^\/admin\/disable\/([^\/]+)$/ (generated from '/admin/disable/:idUser') in /usr/local/share/perl5/Dancer/Route.pm l. 83
[18580]  core @0.001505> [hit #1]Trying to match 'GET /' against /^\/admin\/enable\/([^\/]+)$/ (generated from '/admin/enable/:idUser') in /usr/local/share/perl5/Dancer/Route.pm l. 83
[18580]  core @0.001642> [hit #1]Trying to match 'GET /' against /^\/admin\/roles\/([^\/]+)$/ (generated from '/admin/roles/:idUser') in /usr/local/share/perl5/Dancer/Route.pm l. 83
[18580]  core @0.001779> [hit #1]Trying to match 'GET /' against /^\/accueil$/ (generated from '/accueil') in /usr/local/share/perl5/Dancer/Route.pm l. 83
[18580]  core @0.001913> [hit #1]Trying to match 'GET /' against /^\/clients$/ (generated from '/clients') in /usr/local/share/perl5/Dancer/Route.pm l. 83
[18580]  core @0.002045> [hit #1]Trying to match 'GET /' against /^\/detailClient\/([^\/]+)$/ (generated from '/detailClient/:CodeClient') in /usr/local/share/perl5/Dancer/Route.pm l. 83
[18580]  core @0.002340> [hit #1]Trying to match 'GET /' against /^\/outils$/ (generated from '/outils') in /usr/local/share/perl5/Dancer/Route.pm l. 83
[18580]  core @0.002489> [hit #1]Trying to match 'GET /' against /^\/echeancier\/([^\/]+)$/ (generated from '/echeancier/:Ckey') in /usr/local/share/perl5/Dancer/Route.pm l. 83
[18580]  core @0.002635> [hit #1]Trying to match 'GET /' against /^\/downloads$/ (generated from '/downloads') in /usr/local/share/perl5/Dancer/Route.pm l. 83
[18580]  core @0.002769> [hit #1]Trying to match 'GET /' against /^\/prelevement$/ (generated from '/prelevement') in /usr/local/share/perl5/Dancer/Route.pm l. 83
[18580]  core @0.002902> [hit #1]Trying to match 'GET /' against /^\/echeancier\/([^\/]+)$/ (generated from '/echeancier/:Ckey') in /usr/local/share/perl5/Dancer/Route.pm l. 83
[18580]  core @0.003037> [hit #1]Trying to match 'GET /' against /^\/support$/ (generated from '/support') in /usr/local/share/perl5/Dancer/Route.pm l. 83
[18580]  core @0.003318> [hit #1]Trying to match 'GET /' against /^\/$/ (generated from '/') in /usr/local/share/perl5/Dancer/Route.pm l. 83
[18580]  core @0.003441> [hit #1]  --> got 1 in /usr/local/share/perl5/Dancer/Route.pm l. 101
[18580]  core @0.003661> [hit #1]entering before hook in /usr/local/share/perl5/Dancer/Hook.pm l. 58
[18580]  core @0.053827> [hit #1]entering before hook in /usr/local/share/perl5/Dancer/Hook.pm l. 58
[18580]  core @0.054005> [hit #1]entering before hook in /usr/local/share/perl5/Dancer/Hook.pm l. 58
[18580]  core @0.057769> [hit #1]Trying to match 'GET /login' against /^\/admin\/manageaccount$/ (generated from '/admin/manageaccount') in /usr/local/share/perl5/Dancer/Route.pm l. 83
[18580]  core @0.057933> [hit #1]Trying to match 'GET /login' against /^\/admin\/password\/([^\/]+)$/ (generated from '/admin/password/:idUser') in /usr/local/share/perl5/Dancer/Route.pm l. 83
[18580]  core @0.058146> [hit #1]Trying to match 'GET /login' against /^\/admin\/updateuser\/([^\/]+)$/ (generated from '/admin/updateuser/:idUser') in /usr/local/share/perl5/Dancer/Route.pm l. 83
[18580]  core @0.058307> [hit #1]Trying to match 'GET /login' against /^\/admin\/createaccount$/ (generated from '/admin/createaccount') in /usr/local/share/perl5/Dancer/Route.pm l. 83
[18580]  core @0.058458> [hit #1]Trying to match 'GET /login' against /^\/admin\/disable\/([^\/]+)$/ (generated from '/admin/disable/:idUser') in /usr/local/share/perl5/Dancer/Route.pm l. 83
[18580]  core @0.058610> [hit #1]Trying to match 'GET /login' against /^\/admin\/enable\/([^\/]+)$/ (generated from '/admin/enable/:idUser') in /usr/local/share/perl5/Dancer/Route.pm l. 83
[18580]  core @0.058762> [hit #1]Trying to match 'GET /login' against /^\/admin\/roles\/([^\/]+)$/ (generated from '/admin/roles/:idUser') in /usr/local/share/perl5/Dancer/Route.pm l. 83
[18580]  core @0.058915> [hit #1]Trying to match 'GET /login' against /^\/accueil$/ (generated from '/accueil') in /usr/local/share/perl5/Dancer/Route.pm l. 83
[18580]  core @0.059063> [hit #1]Trying to match 'GET /login' against /^\/clients$/ (generated from '/clients') in /usr/local/share/perl5/Dancer/Route.pm l. 83
[18580]  core @0.059258> [hit #1]Trying to match 'GET /login' against /^\/detailClient\/([^\/]+)$/ (generated from '/detailClient/:CodeClient') in /usr/local/share/perl5/Dancer/Route.pm l. 83
[18580]  core @0.059408> [hit #1]Trying to match 'GET /login' against /^\/outils$/ (generated from '/outils') in /usr/local/share/perl5/Dancer/Route.pm l. 83
[18580]  core @0.059544> [hit #1]Trying to match 'GET /login' against /^\/echeancier\/([^\/]+)$/ (generated from '/echeancier/:Ckey') in /usr/local/share/perl5/Dancer/Route.pm l. 83
[18580]  core @0.059692> [hit #1]Trying to match 'GET /login' against /^\/downloads$/ (generated from '/downloads') in /usr/local/share/perl5/Dancer/Route.pm l. 83
[18580]  core @0.059842> [hit #1]Trying to match 'GET /login' against /^\/prelevement$/ (generated from '/prelevement') in /usr/local/share/perl5/Dancer/Route.pm l. 83
[18580]  core @0.059977> [hit #1]Trying to match 'GET /login' against /^\/echeancier\/([^\/]+)$/ (generated from '/echeancier/:Ckey') in /usr/local/share/perl5/Dancer/Route.pm l. 83
[18580]  core @0.060213> [hit #1]Trying to match 'GET /login' against /^\/support$/ (generated from '/support') in /usr/local/share/perl5/Dancer/Route.pm l. 83
[18580]  core @0.060389> [hit #1]Trying to match 'GET /login' against /^\/$/ (generated from '/') in /usr/local/share/perl5/Dancer/Route.pm l. 83
[18580]  core @0.060524> [hit #1]Trying to match 'GET /login' against /^\/login$/ (generated from '/login') in /usr/local/share/perl5/Dancer/Route.pm l. 83
[18580]  core @0.060809> [hit #1]  --> got 1 in /usr/local/share/perl5/Dancer/Route.pm l. 101
[18580]  core @0.061022> [hit #1]entering before hook in /usr/local/share/perl5/Dancer/Hook.pm l. 58
[18580]  core @0.072366> [hit #1]entering before hook in /usr/local/share/perl5/Dancer/Hook.pm l. 58
[18580]  core @0.072536> [hit #1]entering before hook in /usr/local/share/perl5/Dancer/Hook.pm l. 58
[18580]  core @0.139066> [hit #1]response: 200 in /usr/local/share/perl5/Dancer/Handler.pm l. 181
[18580]  core @0.000160> request: GET /bootstrap/css/bootstrap.min.css from 192.168.0.19 in /usr/local/share/perl5/Dancer/Handler.pm l. 56
[18580]  core @0.003565> [hit #2]response: 200 in /usr/local/share/perl5/Dancer/Handler.pm l. 181
[18580]  core @0.000158> request: GET /fontawesome/css/font-awesome.min.css from 192.168.0.19 in /usr/local/share/perl5/Dancer/Handler.pm l. 56
[18580]  core @0.000919> [hit #3]response: 200 in /usr/local/share/perl5/Dancer/Handler.pm l. 181
[18580]  core @0.000148> request: GET /css/style.css from 192.168.0.19 in /usr/local/share/perl5/Dancer/Handler.pm l. 56
[18580]  core @0.001008> [hit #4]response: 200 in /usr/local/share/perl5/Dancer/Handler.pm l. 181
[18580]  core @0.000144> request: GET /javascripts/jquery-1.8.3.min.js from 192.168.0.19 in /usr/local/share/perl5/Dancer/Handler.pm l. 56
[18580]  core @0.000874> [hit #5]response: 200 in /usr/local/share/perl5/Dancer/Handler.pm l. 181
[18580]  core @0.000221> request: GET /bootstrap/js/bootstrap.min.js from 192.168.0.19 in /usr/local/share/perl5/Dancer/Handler.pm l. 56
[18580]  core @0.001320> [hit #6]response: 200 in /usr/local/share/perl5/Dancer/Handler.pm l. 181
[18580]  core @0.000199> request: GET /javascripts/app.js from 192.168.0.19 in /usr/local/share/perl5/Dancer/Handler.pm l. 56
[18580]  core @0.000953> [hit #7]response: 200 in /usr/local/share/perl5/Dancer/Handler.pm l. 181
[18580]  core @0.000170> request: GET /favicon.ico from 192.168.0.19 in /usr/local/share/perl5/Dancer/Handler.pm l. 56
[18580]  core @0.001106> [hit #8]response: 200 in /usr/local/share/perl5/Dancer/Handler.pm l. 181
[18580]  core @0.000161> request: GET /favicon.ico from 192.168.0.19 in /usr/local/share/perl5/Dancer/Handler.pm l. 56
[18580]  core @0.001336> [hit #9]response: 200 in /usr/local/share/perl5/Dancer/Handler.pm l. 181
[18580]  core @0.000175> request: GET /favicon.ico from 192.168.0.19 in /usr/local/share/perl5/Dancer/Handler.pm l. 56
[18580]  core @0.001084> [hit #10]response: 200 in /usr/local/share/perl5/Dancer/Handler.pm l. 181
[18693]  core @0.000006> loading Dancer::Handler::Standalone handler in /usr/local/share/perl5/Dancer/Handler.pm l. 45
[18693]  core @0.000199> loading handler 'Dancer::Handler::Standalone' in /usr/local/share/perl5/Dancer.pm l. 483
[18693]  core @0.000143> request: GET / from 192.168.0.19 in /usr/local/share/perl5/Dancer/Handler.pm l. 56
[18693]  core @0.000617> [hit #1]Trying to match 'GET /' against /^\/admin\/manageaccount$/ (generated from '/admin/manageaccount') in /usr/local/share/perl5/Dancer/Route.pm l. 83
[18693]  core @0.000822> [hit #1]Trying to match 'GET /' against /^\/admin\/password\/([^\/]+)$/ (generated from '/admin/password/:idUser') in /usr/local/share/perl5/Dancer/Route.pm l. 83
[18693]  core @0.000977> [hit #1]Trying to match 'GET /' against /^\/admin\/updateuser\/([^\/]+)$/ (generated from '/admin/updateuser/:idUser') in /usr/local/share/perl5/Dancer/Route.pm l. 83
[18693]  core @0.001127> [hit #1]Trying to match 'GET /' against /^\/admin\/createaccount$/ (generated from '/admin/createaccount') in /usr/local/share/perl5/Dancer/Route.pm l. 83
[18693]  core @0.001275> [hit #1]Trying to match 'GET /' against /^\/admin\/disable\/([^\/]+)$/ (generated from '/admin/disable/:idUser') in /usr/local/share/perl5/Dancer/Route.pm l. 83
[18693]  core @0.001425> [hit #1]Trying to match 'GET /' against /^\/admin\/enable\/([^\/]+)$/ (generated from '/admin/enable/:idUser') in /usr/local/share/perl5/Dancer/Route.pm l. 83
[18693]  core @0.001574> [hit #1]Trying to match 'GET /' against /^\/admin\/roles\/([^\/]+)$/ (generated from '/admin/roles/:idUser') in /usr/local/share/perl5/Dancer/Route.pm l. 83
[18693]  core @0.001951> [hit #1]Trying to match 'GET /' against /^\/accueil$/ (generated from '/accueil') in /usr/local/share/perl5/Dancer/Route.pm l. 83
[18693]  core @0.002099> [hit #1]Trying to match 'GET /' against /^\/clients$/ (generated from '/clients') in /usr/local/share/perl5/Dancer/Route.pm l. 83
[18693]  core @0.002232> [hit #1]Trying to match 'GET /' against /^\/detailClient\/([^\/]+)$/ (generated from '/detailClient/:CodeClient') in /usr/local/share/perl5/Dancer/Route.pm l. 83
[18693]  core @0.002489> [hit #1]Trying to match 'GET /' against /^\/outils$/ (generated from '/outils') in /usr/local/share/perl5/Dancer/Route.pm l. 83
[18693]  core @0.002640> [hit #1]Trying to match 'GET /' against /^\/echeancier\/([^\/]+)$/ (generated from '/echeancier/:Ckey') in /usr/local/share/perl5/Dancer/Route.pm l. 83
[18693]  core @0.002823> [hit #1]Trying to match 'GET /' against /^\/downloads$/ (generated from '/downloads') in /usr/local/share/perl5/Dancer/Route.pm l. 83
[18693]  core @0.002972> [hit #1]Trying to match 'GET /' against /^\/prelevement$/ (generated from '/prelevement') in /usr/local/share/perl5/Dancer/Route.pm l. 83
[18693]  core @0.003134> [hit #1]Trying to match 'GET /' against /^\/echeancier\/([^\/]+)$/ (generated from '/echeancier/:Ckey') in /usr/local/share/perl5/Dancer/Route.pm l. 83
[18693]  core @0.003284> [hit #1]Trying to match 'GET /' against /^\/support$/ (generated from '/support') in /usr/local/share/perl5/Dancer/Route.pm l. 83
[18693]  core @0.003429> [hit #1]Trying to match 'GET /' against /^\/$/ (generated from '/') in /usr/local/share/perl5/Dancer/Route.pm l. 83
[18693]  core @0.003563> [hit #1]  --> got 1 in /usr/local/share/perl5/Dancer/Route.pm l. 101
[18693]  core @0.003835> [hit #1]entering before hook in /usr/local/share/perl5/Dancer/Hook.pm l. 58
[18693]  core @0.021253> [hit #1]entering before hook in /usr/local/share/perl5/Dancer/Hook.pm l. 58
[18693]  core @0.021479> [hit #1]entering before hook in /usr/local/share/perl5/Dancer/Hook.pm l. 58
[18693]  core @0.025498> [hit #1]Trying to match 'GET /login' against /^\/admin\/manageaccount$/ (generated from '/admin/manageaccount') in /usr/local/share/perl5/Dancer/Route.pm l. 83
[18693]  core @0.025663> [hit #1]Trying to match 'GET /login' against /^\/admin\/password\/([^\/]+)$/ (generated from '/admin/password/:idUser') in /usr/local/share/perl5/Dancer/Route.pm l. 83
[18693]  core @0.025863> [hit #1]Trying to match 'GET /login' against /^\/admin\/updateuser\/([^\/]+)$/ (generated from '/admin/updateuser/:idUser') in /usr/local/share/perl5/Dancer/Route.pm l. 83
[18693]  core @0.026018> [hit #1]Trying to match 'GET /login' against /^\/admin\/createaccount$/ (generated from '/admin/createaccount') in /usr/local/share/perl5/Dancer/Route.pm l. 83
[18693]  core @0.026153> [hit #1]Trying to match 'GET /login' against /^\/admin\/disable\/([^\/]+)$/ (generated from '/admin/disable/:idUser') in /usr/local/share/perl5/Dancer/Route.pm l. 83
[18693]  core @0.026291> [hit #1]Trying to match 'GET /login' against /^\/admin\/enable\/([^\/]+)$/ (generated from '/admin/enable/:idUser') in /usr/local/share/perl5/Dancer/Route.pm l. 83
[18693]  core @0.026426> [hit #1]Trying to match 'GET /login' against /^\/admin\/roles\/([^\/]+)$/ (generated from '/admin/roles/:idUser') in /usr/local/share/perl5/Dancer/Route.pm l. 83
[18693]  core @0.026564> [hit #1]Trying to match 'GET /login' against /^\/accueil$/ (generated from '/accueil') in /usr/local/share/perl5/Dancer/Route.pm l. 83
[18693]  core @0.026701> [hit #1]Trying to match 'GET /login' against /^\/clients$/ (generated from '/clients') in /usr/local/share/perl5/Dancer/Route.pm l. 83
[18693]  core @0.027045> [hit #1]Trying to match 'GET /login' against /^\/detailClient\/([^\/]+)$/ (generated from '/detailClient/:CodeClient') in /usr/local/share/perl5/Dancer/Route.pm l. 83
[18693]  core @0.027206> [hit #1]Trying to match 'GET /login' against /^\/outils$/ (generated from '/outils') in /usr/local/share/perl5/Dancer/Route.pm l. 83
[18693]  core @0.027356> [hit #1]Trying to match 'GET /login' against /^\/echeancier\/([^\/]+)$/ (generated from '/echeancier/:Ckey') in /usr/local/share/perl5/Dancer/Route.pm l. 83
[18693]  core @0.027544> [hit #1]Trying to match 'GET /login' against /^\/downloads$/ (generated from '/downloads') in /usr/local/share/perl5/Dancer/Route.pm l. 83
[18693]  core @0.027688> [hit #1]Trying to match 'GET /login' against /^\/prelevement$/ (generated from '/prelevement') in /usr/local/share/perl5/Dancer/Route.pm l. 83
[18693]  core @0.027870> [hit #1]Trying to match 'GET /login' against /^\/echeancier\/([^\/]+)$/ (generated from '/echeancier/:Ckey') in /usr/local/share/perl5/Dancer/Route.pm l. 83
[18693]  core @0.028008> [hit #1]Trying to match 'GET /login' against /^\/support$/ (generated from '/support') in /usr/local/share/perl5/Dancer/Route.pm l. 83
[18693]  core @0.028137> [hit #1]Trying to match 'GET /login' against /^\/$/ (generated from '/') in /usr/local/share/perl5/Dancer/Route.pm l. 83
[18693]  core @0.028265> [hit #1]Trying to match 'GET /login' against /^\/login$/ (generated from '/login') in /usr/local/share/perl5/Dancer/Route.pm l. 83
[18693]  core @0.028394> [hit #1]  --> got 1 in /usr/local/share/perl5/Dancer/Route.pm l. 101
[18693]  core @0.028578> [hit #1]entering before hook in /usr/local/share/perl5/Dancer/Hook.pm l. 58
[18693]  core @0.039108> [hit #1]entering before hook in /usr/local/share/perl5/Dancer/Hook.pm l. 58
[18693]  core @0.039292> [hit #1]entering before hook in /usr/local/share/perl5/Dancer/Hook.pm l. 58
[18693]  core @0.105912> [hit #1]response: 200 in /usr/local/share/perl5/Dancer/Handler.pm l. 181
[18693]  core @0.000182> request: GET /bootstrap/css/bootstrap.min.css from 192.168.0.19 in /usr/local/share/perl5/Dancer/Handler.pm l. 56
[18693]  core @0.003291> [hit #2]response: 200 in /usr/local/share/perl5/Dancer/Handler.pm l. 181
[18693]  core @0.000161> request: GET /fontawesome/css/font-awesome.min.css from 192.168.0.19 in /usr/local/share/perl5/Dancer/Handler.pm l. 56
[18693]  core @0.000930> [hit #3]response: 200 in /usr/local/share/perl5/Dancer/Handler.pm l. 181
[18693]  core @0.000133> request: GET /css/style.css from 192.168.0.19 in /usr/local/share/perl5/Dancer/Handler.pm l. 56
[18693]  core @0.001680> [hit #4]response: 200 in /usr/local/share/perl5/Dancer/Handler.pm l. 181
[18693]  core @0.000196> request: GET /javascripts/jquery-1.8.3.min.js from 192.168.0.19 in /usr/local/share/perl5/Dancer/Handler.pm l. 56
[18693]  core @0.000919> [hit #5]response: 200 in /usr/local/share/perl5/Dancer/Handler.pm l. 181
[18693]  core @0.000147> request: GET /bootstrap/js/bootstrap.min.js from 192.168.0.19 in /usr/local/share/perl5/Dancer/Handler.pm l. 56
[18693]  core @0.000965> [hit #6]response: 200 in /usr/local/share/perl5/Dancer/Handler.pm l. 181
[18693]  core @0.000170> request: GET /javascripts/app.js from 192.168.0.19 in /usr/local/share/perl5/Dancer/Handler.pm l. 56
[18693]  core @0.000977> [hit #7]response: 200 in /usr/local/share/perl5/Dancer/Handler.pm l. 181
[18693]  core @0.000142> request: GET /favicon.ico from 192.168.0.19 in /usr/local/share/perl5/Dancer/Handler.pm l. 56
[18693]  core @0.000920> [hit #8]response: 200 in /usr/local/share/perl5/Dancer/Handler.pm l. 181
[18693]  core @0.000103> request: GET /favicon.ico from 192.168.0.19 in /usr/local/share/perl5/Dancer/Handler.pm l. 56
[18693]  core @0.000803> [hit #9]response: 200 in /usr/local/share/perl5/Dancer/Handler.pm l. 181
[18772]  core @0.000009> loading Dancer::Handler::Standalone handler in /usr/local/share/perl5/Dancer/Handler.pm l. 45
[18772]  core @0.000208> loading handler 'Dancer::Handler::Standalone' in /usr/local/share/perl5/Dancer.pm l. 483
[18772]  core @0.000144> request: GET / from 192.168.0.19 in /usr/local/share/perl5/Dancer/Handler.pm l. 56
[18772]  core @0.000621> [hit #1]Trying to match 'GET /' against /^\/admin\/manageaccount$/ (generated from '/admin/manageaccount') in /usr/local/share/perl5/Dancer/Route.pm l. 83
[18772]  core @0.000822> [hit #1]Trying to match 'GET /' against /^\/admin\/password\/([^\/]+)$/ (generated from '/admin/password/:idUser') in /usr/local/share/perl5/Dancer/Route.pm l. 83
[18772]  core @0.000979> [hit #1]Trying to match 'GET /' against /^\/admin\/updateuser\/([^\/]+)$/ (generated from '/admin/updateuser/:idUser') in /usr/local/share/perl5/Dancer/Route.pm l. 83
[18772]  core @0.001132> [hit #1]Trying to match 'GET /' against /^\/admin\/createaccount$/ (generated from '/admin/createaccount') in /usr/local/share/perl5/Dancer/Route.pm l. 83
[18772]  core @0.001282> [hit #1]Trying to match 'GET /' against /^\/admin\/disable\/([^\/]+)$/ (generated from '/admin/disable/:idUser') in /usr/local/share/perl5/Dancer/Route.pm l. 83
[18772]  core @0.001435> [hit #1]Trying to match 'GET /' against /^\/admin\/enable\/([^\/]+)$/ (generated from '/admin/enable/:idUser') in /usr/local/share/perl5/Dancer/Route.pm l. 83
[18772]  core @0.001588> [hit #1]Trying to match 'GET /' against /^\/admin\/roles\/([^\/]+)$/ (generated from '/admin/roles/:idUser') in /usr/local/share/perl5/Dancer/Route.pm l. 83
[18772]  core @0.001780> [hit #1]Trying to match 'GET /' against /^\/accueil$/ (generated from '/accueil') in /usr/local/share/perl5/Dancer/Route.pm l. 83
[18772]  core @0.001950> [hit #1]Trying to match 'GET /' against /^\/clients$/ (generated from '/clients') in /usr/local/share/perl5/Dancer/Route.pm l. 83
[18772]  core @0.002098> [hit #1]Trying to match 'GET /' against /^\/detailClient\/([^\/]+)$/ (generated from '/detailClient/:CodeClient') in /usr/local/share/perl5/Dancer/Route.pm l. 83
[18772]  core @0.002250> [hit #1]Trying to match 'GET /' against /^\/outils$/ (generated from '/outils') in /usr/local/share/perl5/Dancer/Route.pm l. 83
[18772]  core @0.002399> [hit #1]Trying to match 'GET /' against /^\/echeancier\/([^\/]+)$/ (generated from '/echeancier/:Ckey') in /usr/local/share/perl5/Dancer/Route.pm l. 83
[18772]  core @0.002550> [hit #1]Trying to match 'GET /' against /^\/downloads$/ (generated from '/downloads') in /usr/local/share/perl5/Dancer/Route.pm l. 83
[18772]  core @0.002731> [hit #1]Trying to match 'GET /' against /^\/prelevement$/ (generated from '/prelevement') in /usr/local/share/perl5/Dancer/Route.pm l. 83
[18772]  core @0.002884> [hit #1]Trying to match 'GET /' against /^\/echeancier\/([^\/]+)$/ (generated from '/echeancier/:Ckey') in /usr/local/share/perl5/Dancer/Route.pm l. 83
[18772]  core @0.003036> [hit #1]Trying to match 'GET /' against /^\/support$/ (generated from '/support') in /usr/local/share/perl5/Dancer/Route.pm l. 83
[18772]  core @0.003184> [hit #1]Trying to match 'GET /' against /^\/$/ (generated from '/') in /usr/local/share/perl5/Dancer/Route.pm l. 83
[18772]  core @0.003320> [hit #1]  --> got 1 in /usr/local/share/perl5/Dancer/Route.pm l. 101
[18772]  core @0.003564> [hit #1]entering before hook in /usr/local/share/perl5/Dancer/Hook.pm l. 58
[18772]  core @0.019406> [hit #1]entering before hook in /usr/local/share/perl5/Dancer/Hook.pm l. 58
[18772]  core @0.019610> [hit #1]entering before hook in /usr/local/share/perl5/Dancer/Hook.pm l. 58
[18772]  core @0.024312> [hit #1]Trying to match 'GET /login' against /^\/admin\/manageaccount$/ (generated from '/admin/manageaccount') in /usr/local/share/perl5/Dancer/Route.pm l. 83
[18772]  core @0.024532> [hit #1]Trying to match 'GET /login' against /^\/admin\/password\/([^\/]+)$/ (generated from '/admin/password/:idUser') in /usr/local/share/perl5/Dancer/Route.pm l. 83
[18772]  core @0.024753> [hit #1]Trying to match 'GET /login' against /^\/admin\/updateuser\/([^\/]+)$/ (generated from '/admin/updateuser/:idUser') in /usr/local/share/perl5/Dancer/Route.pm l. 83
[18772]  core @0.025159> [hit #1]Trying to match 'GET /login' against /^\/admin\/createaccount$/ (generated from '/admin/createaccount') in /usr/local/share/perl5/Dancer/Route.pm l. 83
[18772]  core @0.025372> [hit #1]Trying to match 'GET /login' against /^\/admin\/disable\/([^\/]+)$/ (generated from '/admin/disable/:idUser') in /usr/local/share/perl5/Dancer/Route.pm l. 83
[18772]  core @0.025529> [hit #1]Trying to match 'GET /login' against /^\/admin\/enable\/([^\/]+)$/ (generated from '/admin/enable/:idUser') in /usr/local/share/perl5/Dancer/Route.pm l. 83
[18772]  core @0.025700> [hit #1]Trying to match 'GET /login' against /^\/admin\/roles\/([^\/]+)$/ (generated from '/admin/roles/:idUser') in /usr/local/share/perl5/Dancer/Route.pm l. 83
[18772]  core @0.025858> [hit #1]Trying to match 'GET /login' against /^\/accueil$/ (generated from '/accueil') in /usr/local/share/perl5/Dancer/Route.pm l. 83
[18772]  core @0.026007> [hit #1]Trying to match 'GET /login' against /^\/clients$/ (generated from '/clients') in /usr/local/share/perl5/Dancer/Route.pm l. 83
[18772]  core @0.026197> [hit #1]Trying to match 'GET /login' against /^\/detailClient\/([^\/]+)$/ (generated from '/detailClient/:CodeClient') in /usr/local/share/perl5/Dancer/Route.pm l. 83
[18772]  core @0.026349> [hit #1]Trying to match 'GET /login' against /^\/outils$/ (generated from '/outils') in /usr/local/share/perl5/Dancer/Route.pm l. 83
[18772]  core @0.026497> [hit #1]Trying to match 'GET /login' against /^\/echeancier\/([^\/]+)$/ (generated from '/echeancier/:Ckey') in /usr/local/share/perl5/Dancer/Route.pm l. 83
[18772]  core @0.026647> [hit #1]Trying to match 'GET /login' against /^\/downloads$/ (generated from '/downloads') in /usr/local/share/perl5/Dancer/Route.pm l. 83
[18772]  core @0.026847> [hit #1]Trying to match 'GET /login' against /^\/prelevement$/ (generated from '/prelevement') in /usr/local/share/perl5/Dancer/Route.pm l. 83
[18772]  core @0.026996> [hit #1]Trying to match 'GET /login' against /^\/echeancier\/([^\/]+)$/ (generated from '/echeancier/:Ckey') in /usr/local/share/perl5/Dancer/Route.pm l. 83
[18772]  core @0.027139> [hit #1]Trying to match 'GET /login' against /^\/support$/ (generated from '/support') in /usr/local/share/perl5/Dancer/Route.pm l. 83
[18772]  core @0.027272> [hit #1]Trying to match 'GET /login' against /^\/$/ (generated from '/') in /usr/local/share/perl5/Dancer/Route.pm l. 83
[18772]  core @0.027403> [hit #1]Trying to match 'GET /login' against /^\/login$/ (generated from '/login') in /usr/local/share/perl5/Dancer/Route.pm l. 83
[18772]  core @0.027527> [hit #1]  --> got 1 in /usr/local/share/perl5/Dancer/Route.pm l. 101
[18772]  core @0.027772> [hit #1]entering before hook in /usr/local/share/perl5/Dancer/Hook.pm l. 58
[18772]  core @0.040167> [hit #1]entering before hook in /usr/local/share/perl5/Dancer/Hook.pm l. 58
[18772]  core @0.040346> [hit #1]entering before hook in /usr/local/share/perl5/Dancer/Hook.pm l. 58
[18772]  core @0.105807> [hit #1]response: 200 in /usr/local/share/perl5/Dancer/Handler.pm l. 181
[18772]  core @0.000158> request: GET /bootstrap/css/bootstrap.min.css from 192.168.0.19 in /usr/local/share/perl5/Dancer/Handler.pm l. 56
[18772]  core @0.003358> [hit #2]response: 200 in /usr/local/share/perl5/Dancer/Handler.pm l. 181
[18772]  core @0.000159> request: GET /fontawesome/css/font-awesome.min.css from 192.168.0.19 in /usr/local/share/perl5/Dancer/Handler.pm l. 56
[18772]  core @0.001081> [hit #3]response: 200 in /usr/local/share/perl5/Dancer/Handler.pm l. 181
[18772]  core @0.000147> request: GET /css/style.css from 192.168.0.19 in /usr/local/share/perl5/Dancer/Handler.pm l. 56
[18772]  core @0.001502> [hit #4]response: 200 in /usr/local/share/perl5/Dancer/Handler.pm l. 181
[18772]  core @0.000134> request: GET /javascripts/jquery-1.8.3.min.js from 192.168.0.19 in /usr/local/share/perl5/Dancer/Handler.pm l. 56
[18772]  core @0.000882> [hit #5]response: 200 in /usr/local/share/perl5/Dancer/Handler.pm l. 181
[18772]  core @0.000205> request: GET /bootstrap/js/bootstrap.min.js from 192.168.0.19 in /usr/local/share/perl5/Dancer/Handler.pm l. 56
[18772]  core @0.000979> [hit #6]response: 200 in /usr/local/share/perl5/Dancer/Handler.pm l. 181
[18772]  core @0.000124> request: GET /javascripts/app.js from 192.168.0.19 in /usr/local/share/perl5/Dancer/Handler.pm l. 56
[18772]  core @0.000841> [hit #7]response: 200 in /usr/local/share/perl5/Dancer/Handler.pm l. 181
[18772]  core @0.000185> request: GET /favicon.ico from 192.168.0.19 in /usr/local/share/perl5/Dancer/Handler.pm l. 56
[18772]  core @0.001025> [hit #8]response: 200 in /usr/local/share/perl5/Dancer/Handler.pm l. 181
[18772]  core @0.000125> request: GET /favicon.ico from 192.168.0.19 in /usr/local/share/perl5/Dancer/Handler.pm l. 56
[18772]  core @0.001125> [hit #9]response: 200 in /usr/local/share/perl5/Dancer/Handler.pm l. 181
[21941]  core @0.000007> loading Dancer::Handler::Standalone handler in /usr/local/share/perl5/Dancer/Handler.pm l. 45
[21941]  core @0.000238> loading handler 'Dancer::Handler::Standalone' in /usr/local/share/perl5/Dancer.pm l. 483
[21941]  core @0.000137> request: GET / from 192.168.0.19 in /usr/local/share/perl5/Dancer/Handler.pm l. 56
[21941]  core @0.000779> [hit #1]Trying to match 'GET /' against /^\/admin\/manageaccount$/ (generated from '/admin/manageaccount') in /usr/local/share/perl5/Dancer/Route.pm l. 83
[21941]  core @0.000936> [hit #1]Trying to match 'GET /' against /^\/admin\/password\/([^\/]+)$/ (generated from '/admin/password/:idUser') in /usr/local/share/perl5/Dancer/Route.pm l. 83
[21941]  core @0.001117> [hit #1]Trying to match 'GET /' against /^\/admin\/updateuser\/([^\/]+)$/ (generated from '/admin/updateuser/:idUser') in /usr/local/share/perl5/Dancer/Route.pm l. 83
[21941]  core @0.001306> [hit #1]Trying to match 'GET /' against /^\/admin\/createaccount$/ (generated from '/admin/createaccount') in /usr/local/share/perl5/Dancer/Route.pm l. 83
[21941]  core @0.001445> [hit #1]Trying to match 'GET /' against /^\/admin\/disable\/([^\/]+)$/ (generated from '/admin/disable/:idUser') in /usr/local/share/perl5/Dancer/Route.pm l. 83
[21941]  core @0.001730> [hit #1]Trying to match 'GET /' against /^\/admin\/enable\/([^\/]+)$/ (generated from '/admin/enable/:idUser') in /usr/local/share/perl5/Dancer/Route.pm l. 83
[21941]  core @0.001910> [hit #1]Trying to match 'GET /' against /^\/admin\/roles\/([^\/]+)$/ (generated from '/admin/roles/:idUser') in /usr/local/share/perl5/Dancer/Route.pm l. 83
[21941]  core @0.002064> [hit #1]Trying to match 'GET /' against /^\/accueil$/ (generated from '/accueil') in /usr/local/share/perl5/Dancer/Route.pm l. 83
[21941]  core @0.002213> [hit #1]Trying to match 'GET /' against /^\/clients$/ (generated from '/clients') in /usr/local/share/perl5/Dancer/Route.pm l. 83
[21941]  core @0.002360> [hit #1]Trying to match 'GET /' against /^\/detailClient\/([^\/]+)$/ (generated from '/detailClient/:CodeClient') in /usr/local/share/perl5/Dancer/Route.pm l. 83
[21941]  core @0.002509> [hit #1]Trying to match 'GET /' against /^\/outils$/ (generated from '/outils') in /usr/local/share/perl5/Dancer/Route.pm l. 83
[21941]  core @0.002716> [hit #1]Trying to match 'GET /' against /^\/echeancier\/([^\/]+)$/ (generated from '/echeancier/:Ckey') in /usr/local/share/perl5/Dancer/Route.pm l. 83
[21941]  core @0.002869> [hit #1]Trying to match 'GET /' against /^\/downloads$/ (generated from '/downloads') in /usr/local/share/perl5/Dancer/Route.pm l. 83
[21941]  core @0.003011> [hit #1]Trying to match 'GET /' against /^\/prelevement$/ (generated from '/prelevement') in /usr/local/share/perl5/Dancer/Route.pm l. 83
[21941]  core @0.003183> [hit #1]Trying to match 'GET /' against /^\/echeancier\/([^\/]+)$/ (generated from '/echeancier/:Ckey') in /usr/local/share/perl5/Dancer/Route.pm l. 83
[21941]  core @0.003333> [hit #1]Trying to match 'GET /' against /^\/support$/ (generated from '/support') in /usr/local/share/perl5/Dancer/Route.pm l. 83
[21941]  core @0.003480> [hit #1]Trying to match 'GET /' against /^\/$/ (generated from '/') in /usr/local/share/perl5/Dancer/Route.pm l. 83
[21941]  core @0.003674> [hit #1]  --> got 1 in /usr/local/share/perl5/Dancer/Route.pm l. 101
[21941]  core @0.003929> [hit #1]entering before hook in /usr/local/share/perl5/Dancer/Hook.pm l. 58
[21941]  core @0.021158> [hit #1]entering before hook in /usr/local/share/perl5/Dancer/Hook.pm l. 58
[21941]  core @0.021332> [hit #1]entering before hook in /usr/local/share/perl5/Dancer/Hook.pm l. 58
[21941]  core @0.024768> [hit #1]Trying to match 'GET /login' against /^\/admin\/manageaccount$/ (generated from '/admin/manageaccount') in /usr/local/share/perl5/Dancer/Route.pm l. 83
[21941]  core @0.024912> [hit #1]Trying to match 'GET /login' against /^\/admin\/password\/([^\/]+)$/ (generated from '/admin/password/:idUser') in /usr/local/share/perl5/Dancer/Route.pm l. 83
[21941]  core @0.025048> [hit #1]Trying to match 'GET /login' against /^\/admin\/updateuser\/([^\/]+)$/ (generated from '/admin/updateuser/:idUser') in /usr/local/share/perl5/Dancer/Route.pm l. 83
[21941]  core @0.025183> [hit #1]Trying to match 'GET /login' against /^\/admin\/createaccount$/ (generated from '/admin/createaccount') in /usr/local/share/perl5/Dancer/Route.pm l. 83
[21941]  core @0.025314> [hit #1]Trying to match 'GET /login' against /^\/admin\/disable\/([^\/]+)$/ (generated from '/admin/disable/:idUser') in /usr/local/share/perl5/Dancer/Route.pm l. 83
[21941]  core @0.025445> [hit #1]Trying to match 'GET /login' against /^\/admin\/enable\/([^\/]+)$/ (generated from '/admin/enable/:idUser') in /usr/local/share/perl5/Dancer/Route.pm l. 83
[21941]  core @0.025650> [hit #1]Trying to match 'GET /login' against /^\/admin\/roles\/([^\/]+)$/ (generated from '/admin/roles/:idUser') in /usr/local/share/perl5/Dancer/Route.pm l. 83
[21941]  core @0.025796> [hit #1]Trying to match 'GET /login' against /^\/accueil$/ (generated from '/accueil') in /usr/local/share/perl5/Dancer/Route.pm l. 83
[21941]  core @0.025927> [hit #1]Trying to match 'GET /login' against /^\/clients$/ (generated from '/clients') in /usr/local/share/perl5/Dancer/Route.pm l. 83
[21941]  core @0.026056> [hit #1]Trying to match 'GET /login' against /^\/detailClient\/([^\/]+)$/ (generated from '/detailClient/:CodeClient') in /usr/local/share/perl5/Dancer/Route.pm l. 83
[21941]  core @0.026189> [hit #1]Trying to match 'GET /login' against /^\/outils$/ (generated from '/outils') in /usr/local/share/perl5/Dancer/Route.pm l. 83
[21941]  core @0.026318> [hit #1]Trying to match 'GET /login' against /^\/echeancier\/([^\/]+)$/ (generated from '/echeancier/:Ckey') in /usr/local/share/perl5/Dancer/Route.pm l. 83
[21941]  core @0.026451> [hit #1]Trying to match 'GET /login' against /^\/downloads$/ (generated from '/downloads') in /usr/local/share/perl5/Dancer/Route.pm l. 83
[21941]  core @0.026883> [hit #1]Trying to match 'GET /login' against /^\/prelevement$/ (generated from '/prelevement') in /usr/local/share/perl5/Dancer/Route.pm l. 83
[21941]  core @0.027097> [hit #1]Trying to match 'GET /login' against /^\/echeancier\/([^\/]+)$/ (generated from '/echeancier/:Ckey') in /usr/local/share/perl5/Dancer/Route.pm l. 83
[21941]  core @0.027234> [hit #1]Trying to match 'GET /login' against /^\/support$/ (generated from '/support') in /usr/local/share/perl5/Dancer/Route.pm l. 83
[21941]  core @0.027366> [hit #1]Trying to match 'GET /login' against /^\/$/ (generated from '/') in /usr/local/share/perl5/Dancer/Route.pm l. 83
[21941]  core @0.027502> [hit #1]Trying to match 'GET /login' against /^\/login$/ (generated from '/login') in /usr/local/share/perl5/Dancer/Route.pm l. 83
[21941]  core @0.027740> [hit #1]  --> got 1 in /usr/local/share/perl5/Dancer/Route.pm l. 101
[21941]  core @0.027948> [hit #1]entering before hook in /usr/local/share/perl5/Dancer/Hook.pm l. 58
[21941]  core @0.038774> [hit #1]entering before hook in /usr/local/share/perl5/Dancer/Hook.pm l. 58
[21941]  core @0.038975> [hit #1]entering before hook in /usr/local/share/perl5/Dancer/Hook.pm l. 58
[21941]  core @0.105045> [hit #1]response: 200 in /usr/local/share/perl5/Dancer/Handler.pm l. 181
[21941]  core @0.000157> request: GET /bootstrap/css/bootstrap.min.css from 192.168.0.19 in /usr/local/share/perl5/Dancer/Handler.pm l. 56
[21941]  core @0.003283> [hit #2]response: 200 in /usr/local/share/perl5/Dancer/Handler.pm l. 181
[21941]  core @0.000149> request: GET /fontawesome/css/font-awesome.min.css from 192.168.0.19 in /usr/local/share/perl5/Dancer/Handler.pm l. 56
[21941]  core @0.000890> [hit #3]response: 200 in /usr/local/share/perl5/Dancer/Handler.pm l. 181
[21941]  core @0.000133> request: GET /css/style.css from 192.168.0.19 in /usr/local/share/perl5/Dancer/Handler.pm l. 56
[21941]  core @0.000855> [hit #4]response: 200 in /usr/local/share/perl5/Dancer/Handler.pm l. 181
[21941]  core @0.000137> request: GET /javascripts/jquery-1.8.3.min.js from 192.168.0.19 in /usr/local/share/perl5/Dancer/Handler.pm l. 56
[21941]  core @0.000871> [hit #5]response: 200 in /usr/local/share/perl5/Dancer/Handler.pm l. 181
[21941]  core @0.000137> request: GET /bootstrap/js/bootstrap.min.js from 192.168.0.19 in /usr/local/share/perl5/Dancer/Handler.pm l. 56
[21941]  core @0.000842> [hit #6]response: 200 in /usr/local/share/perl5/Dancer/Handler.pm l. 181
[21941]  core @0.000125> request: GET /javascripts/app.js from 192.168.0.19 in /usr/local/share/perl5/Dancer/Handler.pm l. 56
[21941]  core @0.000824> [hit #7]response: 200 in /usr/local/share/perl5/Dancer/Handler.pm l. 181
[21941]  core @0.000149> request: GET /favicon.ico from 192.168.0.19 in /usr/local/share/perl5/Dancer/Handler.pm l. 56
[21941]  core @0.001072> [hit #8]response: 200 in /usr/local/share/perl5/Dancer/Handler.pm l. 181
[22006]  core @0.000011> loading Dancer::Handler::Standalone handler in /usr/local/share/perl5/Dancer/Handler.pm l. 45
[22006]  core @0.000239> loading handler 'Dancer::Handler::Standalone' in /usr/local/share/perl5/Dancer.pm l. 483
[22006]  core @0.000135> request: POST /login from 192.168.0.19 in /usr/local/share/perl5/Dancer/Handler.pm l. 56
[22006]  core @0.000684> [hit #1]Trying to match 'POST /login' against /^\/admin\/password$/ (generated from '/admin/password') in /usr/local/share/perl5/Dancer/Route.pm l. 83
[22006]  core @0.000848> [hit #1]Trying to match 'POST /login' against /^\/admin\/updateuser$/ (generated from '/admin/updateuser') in /usr/local/share/perl5/Dancer/Route.pm l. 83
[22006]  core @0.000999> [hit #1]Trying to match 'POST /login' against /^\/admin\/createaccount$/ (generated from '/admin/createaccount') in /usr/local/share/perl5/Dancer/Route.pm l. 83
[22006]  core @0.001147> [hit #1]Trying to match 'POST /login' against /^\/admin\/updateroles$/ (generated from '/admin/updateroles') in /usr/local/share/perl5/Dancer/Route.pm l. 83
[22006]  core @0.001296> [hit #1]Trying to match 'POST /login' against /^\/outils$/ (generated from '/outils') in /usr/local/share/perl5/Dancer/Route.pm l. 83
[22006]  core @0.001442> [hit #1]Trying to match 'POST /login' against /^\/upload_file_new_client$/ (generated from '/upload_file_new_client') in /usr/local/share/perl5/Dancer/Route.pm l. 83
[22006]  core @0.001680> [hit #1]Trying to match 'POST /login' against /^\/upload_file_impaye$/ (generated from '/upload_file_impaye') in /usr/local/share/perl5/Dancer/Route.pm l. 83
[22006]  core @0.001831> [hit #1]Trying to match 'POST /login' against /^\/prelevement$/ (generated from '/prelevement') in /usr/local/share/perl5/Dancer/Route.pm l. 83
[22006]  core @0.001978> [hit #1]Trying to match 'POST /login' against /^\/upload_file_new_client$/ (generated from '/upload_file_new_client') in /usr/local/share/perl5/Dancer/Route.pm l. 83
[22006]  core @0.002126> [hit #1]Trying to match 'POST /login' against /^\/upload_file_impaye$/ (generated from '/upload_file_impaye') in /usr/local/share/perl5/Dancer/Route.pm l. 83
[22006]  core @0.002273> [hit #1]Trying to match 'POST /login' against /^\/login$/ (generated from '/login') in /usr/local/share/perl5/Dancer/Route.pm l. 83
[22006]  core @0.002401> [hit #1]  --> got 1 in /usr/local/share/perl5/Dancer/Route.pm l. 101
[22006]  core @0.002780> [hit #1]entering before hook in /usr/local/share/perl5/Dancer/Hook.pm l. 58
[22006]  core @0.019964> [hit #1]entering before hook in /usr/local/share/perl5/Dancer/Hook.pm l. 58
[22006]  core @0.020154> [hit #1]entering before hook in /usr/local/share/perl5/Dancer/Hook.pm l. 58
[22006] error @0.165451> [hit #1]Asked for a database handle named 'asav' but no matching  connection details found in config in /usr/local/share/perl5/Dancer/Plugin/Database.pm l. 28
[22006] error @0.165818> [hit #1]request to POST /login crashed: Use of uninitialized value in concatenation (.) or string at /usr/local/share/perl5/Dancer/Plugin/Database/Core.pm line 202. in /usr/local/share/perl5/Dancer/Handler.pm l. 98
[22006]  core @0.166419> [hit #1]response: 500 in /usr/local/share/perl5/Dancer/Handler.pm l. 181
[22006]  core @0.000154> request: GET /favicon.ico from 192.168.0.19 in /usr/local/share/perl5/Dancer/Handler.pm l. 56
[22006]  core @0.003488> [hit #2]response: 200 in /usr/local/share/perl5/Dancer/Handler.pm l. 181
